<?xml version="1.0" encoding="UTF-8"?>
<!-- Generated by org.testng.reporters.JUnitReportReporter -->
<testsuite hostname="LAPTOP-LBLKG0AV" failures="0" tests="3" name="listeners.HelloWorld" time="0.020" errors="0" timestamp="2023-09-01T13:28:31 IST" skipped="0">
  <testcase classname="listeners.HelloWorld" name="Test1" time="0.016"/>
  <testcase classname="listeners.HelloWorld" name="Test3" time="0.002"/>
  <testcase classname="listeners.HelloWorld" name="Test2" time="0.002"/>
</testsuite> <!-- listeners.HelloWorld -->
