<?xml version="1.0" encoding="UTF-8"?>
<!-- Generated by org.testng.reporters.JUnitReportReporter -->
<testsuite hostname="LAPTOP-LBLKG0AV" failures="0" tests="3" name="Generics_scripts.HelloWorld" time="0.011" errors="0" timestamp="2023-08-30T17:31:48 IST" skipped="0">
  <testcase classname="Generics_scripts.HelloWorld" name="Test2" time="0.002"/>
  <testcase classname="Generics_scripts.HelloWorld" name="Test3" time="0.001"/>
  <testcase classname="Generics_scripts.HelloWorld" name="Test1" time="0.008"/>
</testsuite> <!-- Generics_scripts.HelloWorld -->
